08:32:08,855 INFO  [KarafInstance] 
*******************************************************************************
*** Karaf Instance Number: 1 at /home/marcosd94/ETL-portal/data-integration ***
***   /./system/karaf//data1                                                ***
*** Karaf Port:8801                                                         ***
*** OSGI Service Port:9050                                                  ***
*******************************************************************************
Jul 25, 2016 8:32:09 AM org.apache.karaf.main.Main$KarafLockCallback lockAquired
INFO: Lock acquired. Setting startlevel to 100
log4j: System property is :null
log4j: Standard DocumentBuilderFactory search succeded.
log4j: DocumentBuilderFactory is: org.apache.xerces.jaxp.DocumentBuilderFactoryImpl
log4j: debug attribute= "null".
log4j: Ignoring debug attribute.
log4j: reset attribute= "false".
log4j: Threshold ="null".
log4j: Retreiving an instance of org.apache.log4j.Logger.
log4j: Setting [org.pentaho.di] additivity to [true].
log4j: Level value for org.pentaho.di is  [off].
log4j: org.pentaho.di level set to OFF
log4j: Class name: [org.apache.log4j.ConsoleAppender]
log4j: Setting property [target] to [System.out].
log4j: Parsing layout of class: "org.apache.log4j.PatternLayout"
log4j: Setting property [conversionPattern] to [%d{yyyy-MM-dd HH:mm:ss} %-5p %c{1}:%L - %m%n].
log4j: Adding appender named [console] to category [org.pentaho.di].
log4j: Level value for root is  [off].
log4j: root level set to OFF
log4j: Adding appender named [console] to category [root].
2016/07/25 08:32:09 - Kitchen - Start of run.
2016-07-25 08:32:11.976:INFO:oejs.Server:jetty-8.1.15.v20140411
2016-07-25 08:32:12.010:INFO:oejs.AbstractConnector:Started NIOSocketConnectorWrapper@0.0.0.0:9050
log4j: reset attribute= "false".
log4j: Threshold ="null".
log4j:WARN No appenders could be found for logger (org.springframework.osgi.extender.internal.activator.ContextLoaderListener).
log4j:WARN Please initialize the log4j system properly.
log4j:WARN See http://logging.apache.org/log4j/1.2/faq.html#noconfig for more info.
Jul 25, 2016 8:32:12 AM org.apache.cxf.bus.blueprint.NamespaceHandlerRegisterer register
INFO: Registered blueprint namespace handler for http://cxf.apache.org/blueprint/core
Jul 25, 2016 8:32:12 AM org.apache.cxf.bus.blueprint.NamespaceHandlerRegisterer register
INFO: Registered blueprint namespace handler for http://cxf.apache.org/configuration/beans
Jul 25, 2016 8:32:12 AM org.apache.cxf.bus.blueprint.NamespaceHandlerRegisterer register
INFO: Registered blueprint namespace handler for http://cxf.apache.org/configuration/parameterized-types
Jul 25, 2016 8:32:12 AM org.apache.cxf.bus.blueprint.NamespaceHandlerRegisterer register
INFO: Registered blueprint namespace handler for http://cxf.apache.org/configuration/security
Jul 25, 2016 8:32:12 AM org.apache.cxf.bus.blueprint.NamespaceHandlerRegisterer register
INFO: Registered blueprint namespace handler for http://schemas.xmlsoap.org/wsdl/
Jul 25, 2016 8:32:12 AM org.apache.cxf.bus.blueprint.NamespaceHandlerRegisterer register
INFO: Registered blueprint namespace handler for http://www.w3.org/2005/08/addressing
Jul 25, 2016 8:32:12 AM org.apache.cxf.bus.blueprint.NamespaceHandlerRegisterer register
INFO: Registered blueprint namespace handler for http://schemas.xmlsoap.org/ws/2004/08/addressing
Jul 25, 2016 8:32:12 AM org.apache.cxf.bus.osgi.CXFExtensionBundleListener addExtensions
INFO: Adding the extensions from bundle org.apache.cxf.cxf-rt-management (135) [org.apache.cxf.management.InstrumentationManager]
Jul 25, 2016 8:32:12 AM org.apache.cxf.bus.osgi.CXFExtensionBundleListener addExtensions
INFO: Adding the extensions from bundle org.apache.cxf.cxf-rt-wsdl (138) [org.apache.cxf.wsdl.WSDLManager]
Jul 25, 2016 8:32:12 AM org.apache.cxf.bus.osgi.CXFExtensionBundleListener addExtensions
INFO: Adding the extensions from bundle org.apache.cxf.cxf-rt-bindings-xml (140) [org.apache.cxf.binding.xml.XMLBindingFactory, org.apache.cxf.binding.xml.wsdl11.XMLWSDLExtensionLoader]
Jul 25, 2016 8:32:12 AM org.apache.cxf.bus.osgi.CXFExtensionBundleListener addExtensions
INFO: Adding the extensions from bundle org.apache.cxf.cxf-rt-bindings-soap (141) [org.apache.cxf.binding.soap.SoapBindingFactory, org.apache.cxf.binding.soap.SoapTransportFactory]
Jul 25, 2016 8:32:12 AM org.apache.cxf.bus.blueprint.NamespaceHandlerRegisterer register
INFO: Registered blueprint namespace handler for http://cxf.apache.org/blueprint/bindings/soap
Jul 25, 2016 8:32:12 AM org.apache.cxf.bus.osgi.CXFExtensionBundleListener addExtensions
INFO: Adding the extensions from bundle org.apache.cxf.cxf-rt-transports-http (142) [org.apache.cxf.transport.http.HTTPTransportFactory, org.apache.cxf.transport.http.HTTPWSDLExtensionLoader, org.apache.cxf.transport.http.policy.HTTPClientAssertionBuilder, org.apache.cxf.transport.http.policy.HTTPServerAssertionBuilder, org.apache.cxf.transport.http.policy.NoOpPolicyInterceptorProvider]
Jul 25, 2016 8:32:12 AM org.apache.cxf.bus.osgi.CXFExtensionBundleListener addExtensions
INFO: Adding the extensions from bundle org.apache.cxf.cxf-rt-ws-policy (165) [org.apache.cxf.ws.policy.PolicyEngine, org.apache.cxf.policy.PolicyDataEngine, org.apache.cxf.ws.policy.AssertionBuilderRegistry, org.apache.cxf.ws.policy.PolicyInterceptorProviderRegistry, org.apache.cxf.ws.policy.PolicyBuilder, org.apache.cxf.ws.policy.PolicyAnnotationListener, org.apache.cxf.ws.policy.attachment.ServiceModelPolicyProvider, org.apache.cxf.ws.policy.attachment.external.DomainExpressionBuilderRegistry, org.apache.cxf.ws.policy.attachment.external.EndpointReferenceDomainExpressionBuilder, org.apache.cxf.ws.policy.attachment.external.URIDomainExpressionBuilder, org.apache.cxf.ws.policy.attachment.wsdl11.Wsdl11AttachmentPolicyProvider, org.apache.cxf.ws.policy.mtom.MTOMAssertionBuilder, org.apache.cxf.ws.policy.mtom.MTOMPolicyInterceptorProvider]
Jul 25, 2016 8:32:12 AM org.apache.cxf.bus.blueprint.NamespaceHandlerRegisterer register
INFO: Registered blueprint namespace handler for http://cxf.apache.org/transports/http/configuration
Jul 25, 2016 8:32:12 AM org.apache.cxf.bus.blueprint.NamespaceHandlerRegisterer register
INFO: Registered blueprint namespace handler for http://cxf.apache.org/blueprint/simple
Jul 25, 2016 8:32:12 AM org.apache.cxf.bus.osgi.CXFExtensionBundleListener addExtensions
INFO: Adding the extensions from bundle org.apache.cxf.cxf-rt-frontend-jaxws (144) [org.apache.cxf.jaxws.context.WebServiceContextResourceResolver]
Jul 25, 2016 8:32:12 AM org.apache.cxf.bus.blueprint.NamespaceHandlerRegisterer register
INFO: Registered blueprint namespace handler for http://cxf.apache.org/blueprint/jaxws
Jul 25, 2016 8:32:12 AM org.apache.cxf.bus.blueprint.NamespaceHandlerRegisterer register
INFO: Registered blueprint namespace handler for http://cxf.apache.org/blueprint/jaxrs
Jul 25, 2016 8:32:12 AM org.apache.cxf.bus.blueprint.NamespaceHandlerRegisterer register
INFO: Registered blueprint namespace handler for http://cxf.apache.org/blueprint/jaxrs-client
Jul 25, 2016 8:32:12 AM org.apache.cxf.bus.osgi.CXFExtensionBundleListener addExtensions
INFO: Adding the extensions from bundle org.apache.cxf.cxf-rt-bindings-corba (154) [org.apache.cxf.binding.corba.CorbaBindingFactory, org.apache.cxf.binding.corba.wsdl.WSDLExtensionRegister]
Jul 25, 2016 8:32:12 AM org.apache.cxf.bus.blueprint.NamespaceHandlerRegisterer register
INFO: Registered blueprint namespace handler for http://cxf.apache.org/binding/coloc
Jul 25, 2016 8:32:12 AM org.apache.cxf.bus.osgi.CXFExtensionBundleListener addExtensions
INFO: Adding the extensions from bundle org.apache.cxf.cxf-rt-transports-local (156) [org.apache.cxf.transport.local.LocalTransportFactory]
Jul 25, 2016 8:32:12 AM org.apache.cxf.bus.osgi.CXFExtensionBundleListener addExtensions
INFO: Adding the extensions from bundle org.apache.cxf.cxf-rt-bindings-object (157) [org.apache.cxf.binding.object.ObjectBindingFactory]
Jul 25, 2016 8:32:12 AM org.apache.cxf.bus.blueprint.NamespaceHandlerRegisterer register
INFO: Registered blueprint namespace handler for http://cxf.apache.org/blueprint/binding/object
Jul 25, 2016 8:32:12 AM org.apache.cxf.bus.osgi.CXFExtensionBundleListener addExtensions
INFO: Adding the extensions from bundle org.apache.cxf.cxf-rt-transports-http-jetty (158) [org.apache.cxf.transport.http_jetty.JettyDestinationFactory, org.apache.cxf.transport.http_jetty.JettyHTTPServerEngineFactory, org.apache.cxf.transport.http.ContinuationProviderFactory]
Jul 25, 2016 8:32:12 AM org.apache.cxf.bus.blueprint.NamespaceHandlerRegisterer register
INFO: Registered blueprint namespace handler for http://cxf.apache.org/transports/http-jetty/configuration
Jul 25, 2016 8:32:12 AM org.apache.cxf.bus.osgi.CXFExtensionBundleListener addExtensions
INFO: Adding the extensions from bundle org.apache.cxf.cxf-rt-transports-jms (160) [org.apache.cxf.transport.jms.JMSTransportFactory, org.apache.cxf.transport.jms.wsdl11.JMSWSDLExtensionLoader]
Jul 25, 2016 8:32:12 AM org.apache.cxf.bus.osgi.CXFExtensionBundleListener addExtensions
INFO: Adding the extensions from bundle org.apache.cxf.cxf-rt-transports-udp (162) [org.apache.cxf.transport.udp.UDPTransportFactory]
Jul 25, 2016 8:32:12 AM org.apache.cxf.bus.blueprint.NamespaceHandlerRegisterer register
INFO: Registered blueprint namespace handler for http://cxf.apache.org/policy
Jul 25, 2016 8:32:12 AM org.apache.cxf.bus.blueprint.NamespaceHandlerRegisterer register
INFO: Registered blueprint namespace handler for http://www.w3.org/ns/ws-policy
Jul 25, 2016 8:32:12 AM org.apache.cxf.bus.blueprint.NamespaceHandlerRegisterer register
INFO: Registered blueprint namespace handler for http://www.w3.org/2006/07/ws-policy
Jul 25, 2016 8:32:12 AM org.apache.cxf.bus.blueprint.NamespaceHandlerRegisterer register
INFO: Registered blueprint namespace handler for http://schemas.xmlsoap.org/ws/2004/09/policy
Jul 25, 2016 8:32:12 AM org.apache.cxf.bus.blueprint.NamespaceHandlerRegisterer register
INFO: Registered blueprint namespace handler for http://docs.oasis-open.org/wss/2004/01/oasis-200401-wss-wssecurity-secext-1.0.xsd
Jul 25, 2016 8:32:12 AM org.apache.cxf.bus.blueprint.NamespaceHandlerRegisterer register
INFO: Registered blueprint namespace handler for http://docs.oasis-open.org/wss/2004/01/oasis-200401-wss-wssecurity-utility-1.0.xsd
Jul 25, 2016 8:32:12 AM org.apache.cxf.bus.blueprint.NamespaceHandlerRegisterer register
INFO: Registered blueprint namespace handler for http://www.w3.org/2000/09/xmldsig#
Jul 25, 2016 8:32:12 AM org.apache.cxf.bus.blueprint.NamespaceHandlerRegisterer register
INFO: Registered blueprint namespace handler for http://docs.oasis-open.org/ws-sx/ws-securitypolicy/200702
Jul 25, 2016 8:32:12 AM org.apache.cxf.bus.osgi.CXFExtensionBundleListener addExtensions
INFO: Adding the extensions from bundle org.apache.cxf.cxf-rt-ws-addr (182) [org.apache.cxf.ws.addressing.policy.AddressingAssertionBuilder, org.apache.cxf.ws.addressing.policy.UsingAddressingAssertionBuilder, org.apache.cxf.ws.addressing.policy.AddressingPolicyInterceptorProvider, org.apache.cxf.ws.addressing.impl.AddressingWSDLExtensionLoader, org.apache.cxf.ws.addressing.WSAddressingFeature$WSAddressingFeatureApplier, org.apache.cxf.ws.addressing.MAPAggregator$MAPAggregatorLoader]
Jul 25, 2016 8:32:12 AM org.apache.cxf.bus.blueprint.NamespaceHandlerRegisterer register
INFO: Registered blueprint namespace handler for http://cxf.apache.org/ws/addressing
Jul 25, 2016 8:32:12 AM org.apache.cxf.bus.osgi.CXFExtensionBundleListener addExtensions
INFO: Adding the extensions from bundle org.apache.cxf.cxf-rt-ws-security (184) [org.apache.cxf.ws.security.policy.WSSecurityPolicyLoader, org.apache.cxf.ws.security.cache.CacheCleanupListener]
Jul 25, 2016 8:32:12 AM org.apache.cxf.bus.osgi.CXFExtensionBundleListener addExtensions
INFO: Adding the extensions from bundle org.apache.cxf.cxf-rt-ws-mex (187) [org.apache.cxf.ws.mex.MEXServerListener]
Jul 25, 2016 8:32:12 AM org.apache.cxf.bus.osgi.CXFExtensionBundleListener addExtensions
INFO: Adding the extensions from bundle org.apache.cxf.cxf-rt-ws-rm (186) [org.apache.cxf.ws.rm.RMManager, org.apache.cxf.ws.rm.policy.RMPolicyInterceptorProvider, org.apache.cxf.ws.rm.policy.RM10AssertionBuilder, org.apache.cxf.ws.rm.policy.RM12AssertionBuilder, org.apache.cxf.ws.rm.policy.WSRMP12PolicyLoader, org.apache.cxf.ws.rm.policy.MC11PolicyLoader, org.apache.cxf.ws.rm.policy.RSPPolicyLoader]
Jul 25, 2016 8:32:12 AM org.apache.cxf.bus.blueprint.NamespaceHandlerRegisterer register
INFO: Registered blueprint namespace handler for http://cxf.apache.org/ws/rm/manager
Jul 25, 2016 8:32:13 AM org.apache.cxf.bus.blueprint.NamespaceHandlerRegisterer register
INFO: Registered blueprint namespace handler for http://schemas.xmlsoap.org/ws/2005/02/rm/policy
Jul 25, 2016 8:32:13 AM org.apache.cxf.bus.osgi.CXFExtensionBundleListener addExtensions
INFO: Adding the extensions from bundle org.apache.cxf.cxf-rt-javascript (188) [org.apache.cxf.javascript.JavascriptServerListener]
Jul 25, 2016 8:32:13 AM org.apache.cxf.bus.blueprint.NamespaceHandlerRegisterer register
INFO: Registered blueprint namespace handler for http://cxf.apache.org/clustering
Jul 25, 2016 8:32:13 AM org.pentaho.caching.impl.PentahoCacheManagerFactory$RegistrationHandler$1 onSuccess
INFO: New Caching Service registered
SLF4J: Class path contains multiple SLF4J bindings.
SLF4J: Found binding in [jar:file:/home/marcosd94/ETL-portal/data-integration/launcher/../lib/slf4j-log4j12-1.7.7.jar!/org/slf4j/impl/StaticLoggerBinder.class]
SLF4J: Found binding in [jar:file:/home/marcosd94/ETL-portal/data-integration/plugins/pentaho-big-data-plugin/lib/slf4j-log4j12-1.7.3.jar!/org/slf4j/impl/StaticLoggerBinder.class]
SLF4J: See http://www.slf4j.org/codes.html#multiple_bindings for an explanation.
SLF4J: Actual binding is of type [org.slf4j.impl.Log4jLoggerFactory]
08:32:13,920 ERROR [WebjarsURLConnection] Error Transforming zip
java.io.IOException: Pipe closed
	at java.io.PipedInputStream.checkStateForReceive(PipedInputStream.java:261)
	at java.io.PipedInputStream.receive(PipedInputStream.java:227)
	at java.io.PipedOutputStream.write(PipedOutputStream.java:149)
	at java.util.zip.DeflaterOutputStream.deflate(DeflaterOutputStream.java:253)
	at java.util.zip.ZipOutputStream.closeEntry(ZipOutputStream.java:238)
	at org.pentaho.osgi.platform.webjars.WebjarsURLConnection.transform(WebjarsURLConnection.java:190)
	at org.pentaho.osgi.platform.webjars.WebjarsURLConnection.access$000(WebjarsURLConnection.java:54)
	at org.pentaho.osgi.platform.webjars.WebjarsURLConnection$2.call(WebjarsURLConnection.java:90)
	at org.pentaho.osgi.platform.webjars.WebjarsURLConnection$2.call(WebjarsURLConnection.java:87)
	at java.util.concurrent.FutureTask.run(FutureTask.java:262)
	at java.util.concurrent.ThreadPoolExecutor.runWorker(ThreadPoolExecutor.java:1145)
	at java.util.concurrent.ThreadPoolExecutor$Worker.run(ThreadPoolExecutor.java:615)
	at java.lang.Thread.run(Thread.java:745)
Jul 25, 2016 8:32:14 AM org.apache.cxf.endpoint.ServerImpl initDestination
INFO: Setting the server's publish address to be /lineage
Jul 25, 2016 8:32:14 AM org.apache.cxf.endpoint.ServerImpl initDestination
INFO: Setting the server's publish address to be /marketplace
08:32:14,912 ERROR [WebjarsURLConnection] Error Transforming zip
java.io.IOException: Pipe closed
	at java.io.PipedInputStream.checkStateForReceive(PipedInputStream.java:261)
	at java.io.PipedInputStream.receive(PipedInputStream.java:227)
	at java.io.PipedOutputStream.write(PipedOutputStream.java:149)
	at java.util.zip.DeflaterOutputStream.deflate(DeflaterOutputStream.java:253)
	at java.util.zip.ZipOutputStream.closeEntry(ZipOutputStream.java:238)
	at org.pentaho.osgi.platform.webjars.WebjarsURLConnection.transform(WebjarsURLConnection.java:190)
	at org.pentaho.osgi.platform.webjars.WebjarsURLConnection.access$000(WebjarsURLConnection.java:54)
	at org.pentaho.osgi.platform.webjars.WebjarsURLConnection$2.call(WebjarsURLConnection.java:90)
	at org.pentaho.osgi.platform.webjars.WebjarsURLConnection$2.call(WebjarsURLConnection.java:87)
	at java.util.concurrent.FutureTask.run(FutureTask.java:262)
	at java.util.concurrent.ThreadPoolExecutor.runWorker(ThreadPoolExecutor.java:1145)
	at java.util.concurrent.ThreadPoolExecutor$Worker.run(ThreadPoolExecutor.java:615)
	at java.lang.Thread.run(Thread.java:745)
2016/07/25 08:32:15 - PROCESAR_NUEVOS_REGISTROS - Start of job execution
2016/07/25 08:32:15 - PROCESAR_NUEVOS_REGISTROS - Starting entry [ProcesoNuevo]
2016/07/25 08:32:15 - PROCESONUEVO - Starting entry [ObtenerOEEModificada]
2016/07/25 08:32:15 - ObtenerOEEModificada - Loading transformation from XML file [file:///home/marcosd94/ETL-portal/cambioETL/ObtenerOEEModificada.ktr]
2016/07/25 08:32:15 - ObtenerOEEModificada - Dispatching started for transformation [ObtenerOEEModificada]
2016/07/25 08:32:15 - Get Variables.0 - Finished processing (I=0, O=0, R=1, W=1, U=0, E=0)
2016/07/25 08:32:16 - Table input.0 - Finished reading query, closing connection.
2016/07/25 08:32:16 - Select values.0 - Finished processing (I=0, O=0, R=9, W=9, U=0, E=0)
2016/07/25 08:32:16 - Table input.0 - Finished processing (I=9, O=0, R=0, W=9, U=0, E=0)
2016/07/25 08:32:16 - Copy rows to result.0 - Finished processing (I=0, O=0, R=9, W=9, U=0, E=0)
2016/07/25 08:32:16 - PROCESONUEVO - Starting entry [ProcesarOEEModificadas]
2016/07/25 08:32:16 - ProcesarOEEModificadas - Starting entry [DefinirVariables]
2016/07/25 08:32:16 - DefinirVariables - Loading transformation from XML file [file:///home/marcosd94/ETL-portal/cambioETL/DefinirVariables.ktr]
2016/07/25 08:32:16 - DefinirVariables - Dispatching started for transformation [DefinirVariables]
2016/07/25 08:32:16 - Get rows from result.0 - Finished processing (I=0, O=0, R=1, W=1, U=0, E=0)
2016/07/25 08:32:16 - Set Variables.0 - Setting environment variables...
2016/07/25 08:32:16 - Set Variables.0 - Set variable anho to value [2016]
2016/07/25 08:32:16 - Set Variables.0 - Set variable mes to value [2]
2016/07/25 08:32:16 - Set Variables.0 - Set variable nivel to value [30]
2016/07/25 08:32:16 - Set Variables.0 - Set variable entidad to value [6]
2016/07/25 08:32:16 - Set Variables.0 - Set variable oee to value [87]
2016/07/25 08:32:16 - Set Variables.0 - Finished after 1 rows.
2016/07/25 08:32:16 - Set Variables.0 - Finished processing (I=0, O=0, R=1, W=1, U=0, E=0)
2016/07/25 08:32:16 - ProcesarOEEModificadas - Starting entry [Elimina]
2016/07/25 08:32:16 - Elimina - Loading transformation from XML file [file:///home/marcosd94/ETL-portal/cambioETL/Elimina.ktr]
2016/07/25 08:32:16 - Elimina - Dispatching started for transformation [Elimina]
2016/07/25 08:32:20 - Get Variables.0 - Finished processing (I=0, O=0, R=1, W=1, U=0, E=0)
2016/07/25 08:32:20 - Execute SQL script.0 - Finished reading query, closing connection.
2016/07/25 08:32:20 - Execute SQL script.0 - Finished processing (I=0, O=0, R=0, W=1, U=0, E=0)
2016/07/25 08:32:20 - ProcesarOEEModificadas - Finished job entry [Elimina] (result=[true])
2016/07/25 08:32:20 - ProcesarOEEModificadas - Finished job entry [DefinirVariables] (result=[true])
2016/07/25 08:32:20 - ProcesarOEEModificadas - Starting entry [DefinirVariables]
2016/07/25 08:32:20 - DefinirVariables - Loading transformation from XML file [file:///home/marcosd94/ETL-portal/cambioETL/DefinirVariables.ktr]
2016/07/25 08:32:20 - DefinirVariables - Dispatching started for transformation [DefinirVariables]
2016/07/25 08:32:20 - Get rows from result.0 - Finished processing (I=0, O=0, R=1, W=1, U=0, E=0)
2016/07/25 08:32:20 - Set Variables.0 - Setting environment variables...
2016/07/25 08:32:20 - Set Variables.0 - Set variable anho to value [2016]
2016/07/25 08:32:20 - Set Variables.0 - Set variable mes to value [6]
2016/07/25 08:32:20 - Set Variables.0 - Set variable nivel to value [12]
2016/07/25 08:32:20 - Set Variables.0 - Set variable entidad to value [8]
2016/07/25 08:32:20 - Set Variables.0 - Set variable oee to value [1]
2016/07/25 08:32:20 - Set Variables.0 - Finished after 1 rows.
2016/07/25 08:32:20 - Set Variables.0 - Finished processing (I=0, O=0, R=1, W=1, U=0, E=0)
2016/07/25 08:32:20 - ProcesarOEEModificadas - Starting entry [Elimina]
2016/07/25 08:32:20 - Elimina - Loading transformation from XML file [file:///home/marcosd94/ETL-portal/cambioETL/Elimina.ktr]
2016/07/25 08:32:20 - Elimina - Dispatching started for transformation [Elimina]
2016/07/25 08:32:23 - Execute SQL script.0 - Finished reading query, closing connection.
2016/07/25 08:32:23 - Execute SQL script.0 - Finished processing (I=0, O=0, R=0, W=1, U=0, E=0)
2016/07/25 08:32:23 - Get Variables.0 - Finished processing (I=0, O=0, R=1, W=1, U=0, E=0)
2016/07/25 08:32:23 - ProcesarOEEModificadas - Finished job entry [Elimina] (result=[true])
2016/07/25 08:32:23 - ProcesarOEEModificadas - Finished job entry [DefinirVariables] (result=[true])
2016/07/25 08:32:23 - ProcesarOEEModificadas - Starting entry [DefinirVariables]
2016/07/25 08:32:23 - ProcesarOEEModificadas - Loading transformation from XML file [file:///home/marcosd94/ETL-portal/cambioETL/DefinirVariables.ktr]
2016/07/25 08:32:23 - DefinirVariables - Dispatching started for transformation [DefinirVariables]
2016/07/25 08:32:23 - Get rows from result.0 - Finished processing (I=0, O=0, R=1, W=1, U=0, E=0)
2016/07/25 08:32:23 - Set Variables.0 - Setting environment variables...
2016/07/25 08:32:23 - Set Variables.0 - Set variable anho to value [2016]
2016/07/25 08:32:23 - Set Variables.0 - Set variable mes to value [6]
2016/07/25 08:32:23 - Set Variables.0 - Set variable nivel to value [22]
2016/07/25 08:32:23 - Set Variables.0 - Set variable entidad to value [13]
2016/07/25 08:32:23 - Set Variables.0 - Set variable oee to value [1]
2016/07/25 08:32:23 - Set Variables.0 - Finished after 1 rows.
2016/07/25 08:32:23 - Set Variables.0 - Finished processing (I=0, O=0, R=1, W=1, U=0, E=0)
2016/07/25 08:32:23 - ProcesarOEEModificadas - Starting entry [Elimina]
2016/07/25 08:32:23 - ProcesarOEEModificadas - Loading transformation from XML file [file:///home/marcosd94/ETL-portal/cambioETL/Elimina.ktr]
2016/07/25 08:32:23 - Elimina - Dispatching started for transformation [Elimina]
2016/07/25 08:32:23 - Execute SQL script.0 - Finished reading query, closing connection.
2016/07/25 08:32:23 - Execute SQL script.0 - Finished processing (I=0, O=0, R=0, W=1, U=0, E=0)
2016/07/25 08:32:23 - Get Variables.0 - Finished processing (I=0, O=0, R=1, W=1, U=0, E=0)
2016/07/25 08:32:23 - ProcesarOEEModificadas - Finished job entry [Elimina] (result=[true])
2016/07/25 08:32:23 - ProcesarOEEModificadas - Finished job entry [DefinirVariables] (result=[true])
2016/07/25 08:32:23 - ProcesarOEEModificadas - Starting entry [DefinirVariables]
2016/07/25 08:32:23 - ProcesarOEEModificadas - Loading transformation from XML file [file:///home/marcosd94/ETL-portal/cambioETL/DefinirVariables.ktr]
2016/07/25 08:32:23 - ProcesarOEEModificadas - Dispatching started for transformation [DefinirVariables]
2016/07/25 08:32:23 - Get rows from result.0 - Finished processing (I=0, O=0, R=1, W=1, U=0, E=0)
2016/07/25 08:32:23 - Set Variables.0 - Setting environment variables...
2016/07/25 08:32:23 - Set Variables.0 - Set variable anho to value [2016]
2016/07/25 08:32:23 - Set Variables.0 - Set variable mes to value [6]
2016/07/25 08:32:23 - Set Variables.0 - Set variable nivel to value [23]
2016/07/25 08:32:23 - Set Variables.0 - Set variable entidad to value [10]
2016/07/25 08:32:23 - Set Variables.0 - Set variable oee to value [1]
2016/07/25 08:32:23 - Set Variables.0 - Finished after 1 rows.
2016/07/25 08:32:23 - Set Variables.0 - Finished processing (I=0, O=0, R=1, W=1, U=0, E=0)
2016/07/25 08:32:23 - ProcesarOEEModificadas - Starting entry [Elimina]
2016/07/25 08:32:23 - ProcesarOEEModificadas - Loading transformation from XML file [file:///home/marcosd94/ETL-portal/cambioETL/Elimina.ktr]
2016/07/25 08:32:23 - ProcesarOEEModificadas - Dispatching started for transformation [Elimina]
2016/07/25 08:32:24 - Get Variables.0 - Finished processing (I=0, O=0, R=1, W=1, U=0, E=0)
2016/07/25 08:32:24 - Execute SQL script.0 - Finished reading query, closing connection.
2016/07/25 08:32:24 - Execute SQL script.0 - Finished processing (I=0, O=0, R=0, W=1, U=0, E=0)
2016/07/25 08:32:24 - ProcesarOEEModificadas - Finished job entry [Elimina] (result=[true])
2016/07/25 08:32:24 - ProcesarOEEModificadas - Finished job entry [DefinirVariables] (result=[true])
2016/07/25 08:32:24 - ProcesarOEEModificadas - Starting entry [DefinirVariables]
2016/07/25 08:32:24 - ProcesarOEEModificadas - Loading transformation from XML file [file:///home/marcosd94/ETL-portal/cambioETL/DefinirVariables.ktr]
2016/07/25 08:32:24 - ProcesarOEEModificadas - Dispatching started for transformation [DefinirVariables]
2016/07/25 08:32:24 - ProcesarOEEModificadas - Finished processing (I=0, O=0, R=1, W=1, U=0, E=0)
2016/07/25 08:32:24 - ProcesarOEEModificadas - Setting environment variables...
2016/07/25 08:32:24 - ProcesarOEEModificadas - Set variable anho to value [2016]
2016/07/25 08:32:24 - ProcesarOEEModificadas - Set variable mes to value [6]
2016/07/25 08:32:24 - ProcesarOEEModificadas - Set variable nivel to value [28]
2016/07/25 08:32:24 - ProcesarOEEModificadas - Set variable entidad to value [1]
2016/07/25 08:32:24 - ProcesarOEEModificadas - Set variable oee to value [2]
2016/07/25 08:32:24 - ProcesarOEEModificadas - Finished after 1 rows.
2016/07/25 08:32:24 - ProcesarOEEModificadas - Finished processing (I=0, O=0, R=1, W=1, U=0, E=0)
2016/07/25 08:32:24 - ProcesarOEEModificadas - Starting entry [Elimina]
2016/07/25 08:32:24 - ProcesarOEEModificadas - Loading transformation from XML file [file:///home/marcosd94/ETL-portal/cambioETL/Elimina.ktr]
2016/07/25 08:32:24 - ProcesarOEEModificadas - Dispatching started for transformation [Elimina]
2016/07/25 08:32:24 - ProcesarOEEModificadas - Finished processing (I=0, O=0, R=1, W=1, U=0, E=0)
2016/07/25 08:32:24 - ProcesarOEEModificadas - Finished reading query, closing connection.
2016/07/25 08:32:24 - ProcesarOEEModificadas - Finished processing (I=0, O=0, R=0, W=1, U=0, E=0)
2016/07/25 08:32:24 - ProcesarOEEModificadas - Finished job entry [Elimina] (result=[true])
2016/07/25 08:32:24 - ProcesarOEEModificadas - Finished job entry [DefinirVariables] (result=[true])
2016/07/25 08:32:24 - ProcesarOEEModificadas - Starting entry [DefinirVariables]
2016/07/25 08:32:24 - ProcesarOEEModificadas - Loading transformation from XML file [file:///home/marcosd94/ETL-portal/cambioETL/DefinirVariables.ktr]
2016/07/25 08:32:24 - ProcesarOEEModificadas - Dispatching started for transformation [DefinirVariables]
2016/07/25 08:32:24 - ProcesarOEEModificadas - Finished processing (I=0, O=0, R=1, W=1, U=0, E=0)
2016/07/25 08:32:24 - ProcesarOEEModificadas - Setting environment variables...
2016/07/25 08:32:24 - ProcesarOEEModificadas - Set variable anho to value [2016]
2016/07/25 08:32:24 - ProcesarOEEModificadas - Set variable mes to value [6]
2016/07/25 08:32:24 - ProcesarOEEModificadas - Set variable nivel to value [30]
2016/07/25 08:32:24 - ProcesarOEEModificadas - Set variable entidad to value [5]
2016/07/25 08:32:24 - ProcesarOEEModificadas - Set variable oee to value [70]
2016/07/25 08:32:24 - ProcesarOEEModificadas - Finished after 1 rows.
2016/07/25 08:32:24 - ProcesarOEEModificadas - Finished processing (I=0, O=0, R=1, W=1, U=0, E=0)
2016/07/25 08:32:24 - ProcesarOEEModificadas - Starting entry [Elimina]
2016/07/25 08:32:24 - ProcesarOEEModificadas - Loading transformation from XML file [file:///home/marcosd94/ETL-portal/cambioETL/Elimina.ktr]
2016/07/25 08:32:24 - ProcesarOEEModificadas - Dispatching started for transformation [Elimina]
2016/07/25 08:32:25 - ProcesarOEEModificadas - Finished processing (I=0, O=0, R=1, W=1, U=0, E=0)
2016/07/25 08:32:25 - ProcesarOEEModificadas - Finished reading query, closing connection.
2016/07/25 08:32:25 - ProcesarOEEModificadas - Finished processing (I=0, O=0, R=0, W=1, U=0, E=0)
2016/07/25 08:32:25 - ProcesarOEEModificadas - Finished job entry [Elimina] (result=[true])
2016/07/25 08:32:25 - ProcesarOEEModificadas - Finished job entry [DefinirVariables] (result=[true])
2016/07/25 08:32:25 - ProcesarOEEModificadas - Starting entry [DefinirVariables]
2016/07/25 08:32:25 - ProcesarOEEModificadas - Loading transformation from XML file [file:///home/marcosd94/ETL-portal/cambioETL/DefinirVariables.ktr]
2016/07/25 08:32:25 - ProcesarOEEModificadas - Dispatching started for transformation [DefinirVariables]
2016/07/25 08:32:25 - ProcesarOEEModificadas - Finished processing (I=0, O=0, R=1, W=1, U=0, E=0)
2016/07/25 08:32:25 - ProcesarOEEModificadas - Setting environment variables...
2016/07/25 08:32:25 - ProcesarOEEModificadas - Set variable anho to value [2016]
2016/07/25 08:32:25 - ProcesarOEEModificadas - Set variable mes to value [6]
2016/07/25 08:32:25 - ProcesarOEEModificadas - Set variable nivel to value [30]
2016/07/25 08:32:25 - ProcesarOEEModificadas - Set variable entidad to value [5]
2016/07/25 08:32:25 - ProcesarOEEModificadas - Set variable oee to value [72]
2016/07/25 08:32:25 - ProcesarOEEModificadas - Finished after 1 rows.
2016/07/25 08:32:25 - ProcesarOEEModificadas - Finished processing (I=0, O=0, R=1, W=1, U=0, E=0)
2016/07/25 08:32:25 - ProcesarOEEModificadas - Starting entry [Elimina]
2016/07/25 08:32:25 - ProcesarOEEModificadas - Loading transformation from XML file [file:///home/marcosd94/ETL-portal/cambioETL/Elimina.ktr]
2016/07/25 08:32:25 - ProcesarOEEModificadas - Dispatching started for transformation [Elimina]
2016/07/25 08:32:25 - ProcesarOEEModificadas - Finished reading query, closing connection.
2016/07/25 08:32:25 - ProcesarOEEModificadas - Finished processing (I=0, O=0, R=0, W=1, U=0, E=0)
2016/07/25 08:32:25 - ProcesarOEEModificadas - Finished processing (I=0, O=0, R=1, W=1, U=0, E=0)
2016/07/25 08:32:25 - ProcesarOEEModificadas - Finished job entry [Elimina] (result=[true])
2016/07/25 08:32:25 - ProcesarOEEModificadas - Finished job entry [DefinirVariables] (result=[true])
2016/07/25 08:32:25 - ProcesarOEEModificadas - Starting entry [DefinirVariables]
2016/07/25 08:32:25 - ProcesarOEEModificadas - Loading transformation from XML file [file:///home/marcosd94/ETL-portal/cambioETL/DefinirVariables.ktr]
2016/07/25 08:32:25 - ProcesarOEEModificadas - Dispatching started for transformation [DefinirVariables]
2016/07/25 08:32:25 - ProcesarOEEModificadas - Finished processing (I=0, O=0, R=1, W=1, U=0, E=0)
2016/07/25 08:32:25 - ProcesarOEEModificadas - Setting environment variables...
2016/07/25 08:32:25 - ProcesarOEEModificadas - Set variable anho to value [2016]
2016/07/25 08:32:25 - ProcesarOEEModificadas - Set variable mes to value [6]
2016/07/25 08:32:25 - ProcesarOEEModificadas - Set variable nivel to value [30]
2016/07/25 08:32:25 - ProcesarOEEModificadas - Set variable entidad to value [7]
2016/07/25 08:32:25 - ProcesarOEEModificadas - Set variable oee to value [102]
2016/07/25 08:32:25 - ProcesarOEEModificadas - Finished after 1 rows.
2016/07/25 08:32:25 - ProcesarOEEModificadas - Finished processing (I=0, O=0, R=1, W=1, U=0, E=0)
2016/07/25 08:32:25 - ProcesarOEEModificadas - Starting entry [Elimina]
2016/07/25 08:32:25 - ProcesarOEEModificadas - Loading transformation from XML file [file:///home/marcosd94/ETL-portal/cambioETL/Elimina.ktr]
2016/07/25 08:32:25 - ProcesarOEEModificadas - Dispatching started for transformation [Elimina]
2016/07/25 08:32:25 - ProcesarOEEModificadas - Finished reading query, closing connection.
2016/07/25 08:32:25 - ProcesarOEEModificadas - Finished processing (I=0, O=0, R=0, W=1, U=0, E=0)
2016/07/25 08:32:25 - ProcesarOEEModificadas - Finished processing (I=0, O=0, R=1, W=1, U=0, E=0)
2016/07/25 08:32:25 - ProcesarOEEModificadas - Finished job entry [Elimina] (result=[true])
2016/07/25 08:32:25 - ProcesarOEEModificadas - Finished job entry [DefinirVariables] (result=[true])
2016/07/25 08:32:25 - ProcesarOEEModificadas - Starting entry [DefinirVariables]
2016/07/25 08:32:25 - ProcesarOEEModificadas - Loading transformation from XML file [file:///home/marcosd94/ETL-portal/cambioETL/DefinirVariables.ktr]
2016/07/25 08:32:25 - ProcesarOEEModificadas - Dispatching started for transformation [DefinirVariables]
2016/07/25 08:32:25 - ProcesarOEEModificadas - Finished processing (I=0, O=0, R=1, W=1, U=0, E=0)
2016/07/25 08:32:25 - ProcesarOEEModificadas - Setting environment variables...
2016/07/25 08:32:25 - ProcesarOEEModificadas - Set variable anho to value [2016]
2016/07/25 08:32:25 - ProcesarOEEModificadas - Set variable mes to value [6]
2016/07/25 08:32:25 - ProcesarOEEModificadas - Set variable nivel to value [30]
2016/07/25 08:32:25 - ProcesarOEEModificadas - Set variable entidad to value [7]
2016/07/25 08:32:25 - ProcesarOEEModificadas - Set variable oee to value [117]
2016/07/25 08:32:25 - ProcesarOEEModificadas - Finished after 1 rows.
2016/07/25 08:32:25 - ProcesarOEEModificadas - Finished processing (I=0, O=0, R=1, W=1, U=0, E=0)
2016/07/25 08:32:25 - ProcesarOEEModificadas - Starting entry [Elimina]
2016/07/25 08:32:25 - ProcesarOEEModificadas - Loading transformation from XML file [file:///home/marcosd94/ETL-portal/cambioETL/Elimina.ktr]
2016/07/25 08:32:25 - ProcesarOEEModificadas - Dispatching started for transformation [Elimina]
2016/07/25 08:32:25 - ProcesarOEEModificadas - Finished reading query, closing connection.
2016/07/25 08:32:25 - ProcesarOEEModificadas - Finished processing (I=0, O=0, R=0, W=1, U=0, E=0)
2016/07/25 08:32:25 - ProcesarOEEModificadas - Finished processing (I=0, O=0, R=1, W=1, U=0, E=0)
2016/07/25 08:32:25 - ProcesarOEEModificadas - Finished job entry [Elimina] (result=[true])
2016/07/25 08:32:25 - ProcesarOEEModificadas - Finished job entry [DefinirVariables] (result=[true])
2016/07/25 08:32:25 - PROCESONUEVO - Starting entry [Carga]
2016/07/25 08:32:25 - Carga - Loading transformation from XML file [file:///home/marcosd94/ETL-portal/cambioETL/CargaRegistros.ktr]
2016/07/25 08:32:25 - CargaRegistros - Dispatching started for transformation [CargaRegistros]
2016/07/25 08:32:26 - Table output.0 - Connected to database [ceamso] (commit=1000)
2016/07/25 08:32:26 - Get Variables.0 - Finished processing (I=0, O=0, R=1, W=1, U=0, E=0)
2016/07/25 08:39:34 - Table input.0 - linenr 50000
2016/07/25 08:41:01 - Table output.0 - linenr 50000
2016/07/25 08:47:20 - Table input.0 - linenr 100000
2016/07/25 08:48:57 - Table output.0 - linenr 100000
2016/07/25 08:58:16 - Table input.0 - linenr 150000
2016/07/25 09:06:06 - Table output.0 - linenr 150000
2016/07/25 09:09:45 - Table input.0 - Finished reading query, closing connection.
2016/07/25 09:09:45 - Table input.0 - Finished processing (I=169132, O=0, R=0, W=169132, U=0, E=0)
2016/07/25 09:12:59 - Table output.0 - Finished processing (I=0, O=169132, R=169132, W=169132, U=0, E=0)
2016/07/25 09:12:59 - PROCESONUEVO - Finished job entry [Carga] (result=[true])
2016/07/25 09:12:59 - PROCESONUEVO - Finished job entry [ProcesarOEEModificadas] (result=[true])
2016/07/25 09:12:59 - PROCESONUEVO - Finished job entry [ObtenerOEEModificada] (result=[true])
2016/07/25 09:12:59 - PROCESAR_NUEVOS_REGISTROS - Finished job entry [ProcesoNuevo] (result=[true])
2016/07/25 09:12:59 - PROCESAR_NUEVOS_REGISTROS - Job execution finished
2016/07/25 09:12:59 - Kitchen - Finished!
2016/07/25 09:12:59 - Kitchen - Start=2016/07/25 08:32:09.759, Stop=2016/07/25 09:12:59.304
2016/07/25 09:12:59 - Kitchen - Processing ended after 40 minutes and 49 seconds (2449 seconds total).
